mode: set
github.com/stanvit/go-forwarded/forwarded.go:28.60,29.62 1 1
github.com/stanvit/go-forwarded/forwarded.go:42.2,42.20 1 1
github.com/stanvit/go-forwarded/forwarded.go:29.62,30.64 1 1
github.com/stanvit/go-forwarded/forwarded.go:30.64,34.34 4 1
github.com/stanvit/go-forwarded/forwarded.go:35.4,36.17 1 1
github.com/stanvit/go-forwarded/forwarded.go:37.4,38.18 1 1
github.com/stanvit/go-forwarded/forwarded.go:47.59,48.35 1 1
github.com/stanvit/go-forwarded/forwarded.go:53.2,53.11 1 1
github.com/stanvit/go-forwarded/forwarded.go:48.35,52.3 3 1
github.com/stanvit/go-forwarded/forwarded.go:59.52,61.21 2 1
github.com/stanvit/go-forwarded/forwarded.go:64.2,64.65 1 1
github.com/stanvit/go-forwarded/forwarded.go:67.2,68.15 2 1
github.com/stanvit/go-forwarded/forwarded.go:71.2,71.16 1 1
github.com/stanvit/go-forwarded/forwarded.go:61.21,63.3 1 1
github.com/stanvit/go-forwarded/forwarded.go:64.65,66.3 1 1
github.com/stanvit/go-forwarded/forwarded.go:68.15,70.3 1 1
github.com/stanvit/go-forwarded/forwarded.go:83.120,85.54 2 1
github.com/stanvit/go-forwarded/forwarded.go:88.2,88.21 1 1
github.com/stanvit/go-forwarded/forwarded.go:85.54,87.3 1 1
github.com/stanvit/go-forwarded/forwarded.go:93.49,95.28 2 1
github.com/stanvit/go-forwarded/forwarded.go:108.2,108.16 1 1
github.com/stanvit/go-forwarded/forwarded.go:115.2,115.55 1 1
github.com/stanvit/go-forwarded/forwarded.go:119.2,119.38 1 1
github.com/stanvit/go-forwarded/forwarded.go:95.28,97.65 1 1
github.com/stanvit/go-forwarded/forwarded.go:97.65,99.4 1 1
github.com/stanvit/go-forwarded/forwarded.go:100.3,101.30 1 1
github.com/stanvit/go-forwarded/forwarded.go:104.3,104.35 1 1
github.com/stanvit/go-forwarded/forwarded.go:101.30,103.4 1 1
github.com/stanvit/go-forwarded/forwarded.go:104.35,106.4 1 1
github.com/stanvit/go-forwarded/forwarded.go:108.16,109.55 1 1
github.com/stanvit/go-forwarded/forwarded.go:113.3,113.22 1 1
github.com/stanvit/go-forwarded/forwarded.go:109.55,112.4 1 1
github.com/stanvit/go-forwarded/forwarded.go:115.55,118.3 1 1
github.com/stanvit/go-forwarded/forwarded.go:119.38,121.3 1 1
github.com/stanvit/go-forwarded/forwarded.go:126.62,127.71 1 1
github.com/stanvit/go-forwarded/forwarded.go:127.71,128.131 1 1
github.com/stanvit/go-forwarded/forwarded.go:131.3,131.20 1 1
github.com/stanvit/go-forwarded/forwarded.go:128.131,130.4 1 1
